<?xml version="1.0" encoding="UTF-8"?>
<testsuite xmlns:xsi="http://www.w3.org/2001/XMLSchema-instance" xsi:noNamespaceSchemaLocation="https://maven.apache.org/surefire/maven-failsafe-plugin/xsd/failsafe-test-report-3.0.xsd" version="3.0" name="com.javarush.stepanov.cmd.LoginEntranceIT" time="0.849" tests="3" errors="0" skipped="0" failures="0">
  <properties>
[...]
</properties>
  <testcase name="whenEmptyFieldThenException" classname="com.javarush.stepanov.cmd.LoginEntranceIT" time="0.093">
    <system-out><![CDATA[12:54:55.428 [main] INFO com.javarush.stepanov.config.NanoSpring -- &amp#27;[95mcom.javarush.stepanov.config.Config was finded by Nanospring&amp#27;[0m
12:54:55.428 [main] INFO com.javarush.stepanov.config.NanoSpring -- &amp#27;[95mcom.javarush.stepanov.config.SessionCreator was finded by Nanospring&amp#27;[0m
12:54:55.430 [main] INFO com.javarush.stepanov.config.SessionCreator -- &amp#27;[38;5;94m	begin level: 1 from com.javarush.stepanov.config.Config$ByteBuddy$zMYdtwks.fillEmptyRepository(Unknown Source)&amp#27;[0m
12:54:55.430 [main] INFO com.javarush.stepanov.config.LiqubaseInit -- &amp#27;[35mRunning Liquibase...&amp#27;[0m
Database is up to date, no changesets to execute

UPDATE SUMMARY
Run:                          0
Previously run:              11
Filtered out:                 0
-------------------------------
Total change sets:           11

12:54:55.653 [main] INFO com.javarush.stepanov.config.LiqubaseInit -- &amp#27;[35mRunning Liquibase...DONE&amp#27;[0m
12:54:55.654 [main] INFO com.javarush.stepanov.config.SessionCreator -- &amp#27;[38;5;94m	 end level: 1 from com.javarush.stepanov.config.Config$ByteBuddy$zMYdtwks.fillEmptyRepository(Unknown Source)&amp#27;[0m
12:54:55.664 [main] INFO com.javarush.stepanov.config.NanoSpring -- &amp#27;[95mcom.javarush.stepanov.service.UserService was finded by Nanospring&amp#27;[0m
12:54:55.664 [main] INFO com.javarush.stepanov.config.NanoSpring -- &amp#27;[95mcom.javarush.stepanov.cmd.LoginEntrance was finded by Nanospring&amp#27;[0m
12:54:55.666 [main] INFO com.javarush.stepanov.config.NanoSpring -- &amp#27;[95mcom.javarush.stepanov.config.SessionCreator was finded by Nanospring&amp#27;[0m
12:54:55.668 [main] INFO com.javarush.stepanov.config.SessionCreator -- &amp#27;[38;5;94m	begin level: 1 from com.javarush.stepanov.service.UserService$ByteBuddy$doiT16lR.loginOrPasswordIsIncorrect(Unknown Source)&amp#27;[0m
12:54:55.671 [main] INFO com.javarush.stepanov.config.NanoSpring -- &amp#27;[95mcom.javarush.stepanov.config.SessionCreator was finded by Nanospring&amp#27;[0m
12:54:55.671 [main] INFO com.javarush.stepanov.config.SessionCreator -- &amp#27;[38;5;94m		begin level: 2 from com.javarush.stepanov.service.UserService$ByteBuddy$doiT16lR.getAll(Unknown Source)&amp#27;[0m
Hibernate: 
    select
        u1_0.id,
        u1_0.login,
        u1_0.password 
    from
        users u1_0
Hibernate: 
    select
        g1_0.users_id,
        g1_0.id,
        g1_0.game_name,
        g1_0.games_count,
        g1_0.loss_count,
        g1_0.wins_count 
    from
        games g1_0 
    where
        g1_0.users_id=?
Hibernate: 
    select
        g1_0.users_id,
        g1_0.id,
        g1_0.game_name,
        g1_0.games_count,
        g1_0.loss_count,
        g1_0.wins_count 
    from
        games g1_0 
    where
        g1_0.users_id=?
Hibernate: 
    select
        g1_0.users_id,
        g1_0.id,
        g1_0.game_name,
        g1_0.games_count,
        g1_0.loss_count,
        g1_0.wins_count 
    from
        games g1_0 
    where
        g1_0.users_id=?
Hibernate: 
    select
        g1_0.users_id,
        g1_0.id,
        g1_0.game_name,
        g1_0.games_count,
        g1_0.loss_count,
        g1_0.wins_count 
    from
        games g1_0 
    where
        g1_0.users_id=?
12:54:55.725 [main] INFO com.javarush.stepanov.config.SessionCreator -- &amp#27;[38;5;94m		 end level: 2 from com.javarush.stepanov.service.UserService$ByteBuddy$doiT16lR.getAll(Unknown Source)&amp#27;[0m
12:54:55.725 [main] INFO com.javarush.stepanov.config.SessionCreator -- &amp#27;[38;5;94m	 end level: 1 from com.javarush.stepanov.service.UserService$ByteBuddy$doiT16lR.loginOrPasswordIsIncorrect(Unknown Source)&amp#27;[0m
]]></system-out>
    <system-err><![CDATA[мар. 10, 2025 12:54:55 PM liquibase.database
INFO: Set default schema name to public
мар. 10, 2025 12:54:55 PM liquibase.changelog
INFO: Reading from public.databasechangelog
мар. 10, 2025 12:54:55 PM liquibase.changelog
INFO: Reading from public.databasechangelog
мар. 10, 2025 12:54:55 PM liquibase.util
INFO: UPDATE SUMMARY
мар. 10, 2025 12:54:55 PM liquibase.util
INFO: Run:                          0
мар. 10, 2025 12:54:55 PM liquibase.util
INFO: Previously run:              11
мар. 10, 2025 12:54:55 PM liquibase.util
INFO: Filtered out:                 0
мар. 10, 2025 12:54:55 PM liquibase.util
INFO: -------------------------------
мар. 10, 2025 12:54:55 PM liquibase.util
INFO: Total change sets:           11
мар. 10, 2025 12:54:55 PM liquibase.util
INFO: Update summary generated
мар. 10, 2025 12:54:55 PM liquibase.lockservice
INFO: Successfully released change log lock
мар. 10, 2025 12:54:55 PM liquibase.command
INFO: Command execution complete
]]></system-err>
  </testcase>
  <testcase name="whenLogThenReturnToStartWithNeUserInSession" classname="com.javarush.stepanov.cmd.LoginEntranceIT" time="0.087">
    <system-out><![CDATA[12:54:55.756 [main] INFO com.javarush.stepanov.config.NanoSpring -- &amp#27;[95mcom.javarush.stepanov.config.Config was finded by Nanospring&amp#27;[0m
12:54:55.756 [main] INFO com.javarush.stepanov.config.NanoSpring -- &amp#27;[95mcom.javarush.stepanov.config.SessionCreator was finded by Nanospring&amp#27;[0m
12:54:55.756 [main] INFO com.javarush.stepanov.config.SessionCreator -- &amp#27;[38;5;94m	begin level: 1 from com.javarush.stepanov.config.Config$ByteBuddy$zMYdtwks.fillEmptyRepository(Unknown Source)&amp#27;[0m
12:54:55.756 [main] INFO com.javarush.stepanov.config.LiqubaseInit -- &amp#27;[35mRunning Liquibase...&amp#27;[0m
Database is up to date, no changesets to execute

UPDATE SUMMARY
Run:                          0
Previously run:              11
Filtered out:                 0
-------------------------------
Total change sets:           11

12:54:55.959 [main] INFO com.javarush.stepanov.config.LiqubaseInit -- &amp#27;[35mRunning Liquibase...DONE&amp#27;[0m
12:54:55.959 [main] INFO com.javarush.stepanov.config.SessionCreator -- &amp#27;[38;5;94m	 end level: 1 from com.javarush.stepanov.config.Config$ByteBuddy$zMYdtwks.fillEmptyRepository(Unknown Source)&amp#27;[0m
12:54:55.964 [main] INFO com.javarush.stepanov.config.NanoSpring -- &amp#27;[95mcom.javarush.stepanov.cmd.LoginEntrance was finded by Nanospring&amp#27;[0m
12:54:55.969 [main] INFO com.javarush.stepanov.config.NanoSpring -- &amp#27;[95mcom.javarush.stepanov.config.SessionCreator was finded by Nanospring&amp#27;[0m
12:54:55.969 [main] INFO com.javarush.stepanov.config.SessionCreator -- &amp#27;[38;5;94m	begin level: 1 from com.javarush.stepanov.service.UserService$ByteBuddy$doiT16lR.loginOrPasswordIsIncorrect(Unknown Source)&amp#27;[0m
12:54:55.969 [main] INFO com.javarush.stepanov.config.NanoSpring -- &amp#27;[95mcom.javarush.stepanov.config.SessionCreator was finded by Nanospring&amp#27;[0m
12:54:55.969 [main] INFO com.javarush.stepanov.config.SessionCreator -- &amp#27;[38;5;94m		begin level: 2 from com.javarush.stepanov.service.UserService$ByteBuddy$doiT16lR.getAll(Unknown Source)&amp#27;[0m
Hibernate: 
    select
        u1_0.id,
        u1_0.login,
        u1_0.password 
    from
        users u1_0
Hibernate: 
    select
        g1_0.users_id,
        g1_0.id,
        g1_0.game_name,
        g1_0.games_count,
        g1_0.loss_count,
        g1_0.wins_count 
    from
        games g1_0 
    where
        g1_0.users_id=?
Hibernate: 
    select
        g1_0.users_id,
        g1_0.id,
        g1_0.game_name,
        g1_0.games_count,
        g1_0.loss_count,
        g1_0.wins_count 
    from
        games g1_0 
    where
        g1_0.users_id=?
Hibernate: 
    select
        g1_0.users_id,
        g1_0.id,
        g1_0.game_name,
        g1_0.games_count,
        g1_0.loss_count,
        g1_0.wins_count 
    from
        games g1_0 
    where
        g1_0.users_id=?
Hibernate: 
    select
        g1_0.users_id,
        g1_0.id,
        g1_0.game_name,
        g1_0.games_count,
        g1_0.loss_count,
        g1_0.wins_count 
    from
        games g1_0 
    where
        g1_0.users_id=?
12:54:56.012 [main] INFO com.javarush.stepanov.config.SessionCreator -- &amp#27;[38;5;94m		 end level: 2 from com.javarush.stepanov.service.UserService$ByteBuddy$doiT16lR.getAll(Unknown Source)&amp#27;[0m
12:54:56.012 [main] INFO com.javarush.stepanov.config.SessionCreator -- &amp#27;[38;5;94m	 end level: 1 from com.javarush.stepanov.service.UserService$ByteBuddy$doiT16lR.loginOrPasswordIsIncorrect(Unknown Source)&amp#27;[0m
12:54:56.020 [main] INFO com.javarush.stepanov.config.NanoSpring -- &amp#27;[95mcom.javarush.stepanov.config.SessionCreator was finded by Nanospring&amp#27;[0m
12:54:56.020 [main] INFO com.javarush.stepanov.config.SessionCreator -- &amp#27;[38;5;94m	begin level: 1 from com.javarush.stepanov.service.UserService$ByteBuddy$doiT16lR.loginOrPasswordIsEmpty(Unknown Source)&amp#27;[0m
12:54:56.020 [main] INFO com.javarush.stepanov.config.SessionCreator -- &amp#27;[38;5;94m	 end level: 1 from com.javarush.stepanov.service.UserService$ByteBuddy$doiT16lR.loginOrPasswordIsEmpty(Unknown Source)&amp#27;[0m
12:54:56.023 [main] INFO com.javarush.stepanov.config.NanoSpring -- &amp#27;[95mcom.javarush.stepanov.config.SessionCreator was finded by Nanospring&amp#27;[0m
12:54:56.024 [main] INFO com.javarush.stepanov.config.SessionCreator -- &amp#27;[38;5;94m	begin level: 1 from com.javarush.stepanov.service.UserService$ByteBuddy$doiT16lR.findUser(Unknown Source)&amp#27;[0m
12:54:56.024 [main] INFO com.javarush.stepanov.config.NanoSpring -- &amp#27;[95mcom.javarush.stepanov.config.SessionCreator was finded by Nanospring&amp#27;[0m
12:54:56.026 [main] INFO com.javarush.stepanov.config.SessionCreator -- &amp#27;[38;5;94m		begin level: 2 from com.javarush.stepanov.service.UserService$ByteBuddy$doiT16lR.getAll(Unknown Source)&amp#27;[0m
Hibernate: 
    select
        u1_0.id,
        u1_0.login,
        u1_0.password 
    from
        users u1_0
Hibernate: 
    select
        g1_0.users_id,
        g1_0.id,
        g1_0.game_name,
        g1_0.games_count,
        g1_0.loss_count,
        g1_0.wins_count 
    from
        games g1_0 
    where
        g1_0.users_id=?
Hibernate: 
    select
        g1_0.users_id,
        g1_0.id,
        g1_0.game_name,
        g1_0.games_count,
        g1_0.loss_count,
        g1_0.wins_count 
    from
        games g1_0 
    where
        g1_0.users_id=?
Hibernate: 
    select
        g1_0.users_id,
        g1_0.id,
        g1_0.game_name,
        g1_0.games_count,
        g1_0.loss_count,
        g1_0.wins_count 
    from
        games g1_0 
    where
        g1_0.users_id=?
Hibernate: 
    select
        g1_0.users_id,
        g1_0.id,
        g1_0.game_name,
        g1_0.games_count,
        g1_0.loss_count,
        g1_0.wins_count 
    from
        games g1_0 
    where
        g1_0.users_id=?
12:54:56.046 [main] INFO com.javarush.stepanov.config.SessionCreator -- &amp#27;[38;5;94m		 end level: 2 from com.javarush.stepanov.service.UserService$ByteBuddy$doiT16lR.getAll(Unknown Source)&amp#27;[0m
12:54:56.047 [main] INFO com.javarush.stepanov.config.SessionCreator -- &amp#27;[38;5;94m	 end level: 1 from com.javarush.stepanov.service.UserService$ByteBuddy$doiT16lR.findUser(Unknown Source)&amp#27;[0m
]]></system-out>
    <system-err><![CDATA[мар. 10, 2025 12:54:55 PM liquibase.database
INFO: Set default schema name to public
мар. 10, 2025 12:54:55 PM liquibase.changelog
INFO: Reading from public.databasechangelog
мар. 10, 2025 12:54:55 PM liquibase.changelog
INFO: Reading from public.databasechangelog
мар. 10, 2025 12:54:55 PM liquibase.util
INFO: UPDATE SUMMARY
мар. 10, 2025 12:54:55 PM liquibase.util
INFO: Run:                          0
мар. 10, 2025 12:54:55 PM liquibase.util
INFO: Previously run:              11
мар. 10, 2025 12:54:55 PM liquibase.util
INFO: Filtered out:                 0
мар. 10, 2025 12:54:55 PM liquibase.util
INFO: -------------------------------
мар. 10, 2025 12:54:55 PM liquibase.util
INFO: Total change sets:           11
мар. 10, 2025 12:54:55 PM liquibase.util
INFO: Update summary generated
мар. 10, 2025 12:54:55 PM liquibase.lockservice
INFO: Successfully released change log lock
мар. 10, 2025 12:54:55 PM liquibase.command
INFO: Command execution complete
]]></system-err>
  </testcase>
  <testcase name="whenInvalidDataThenErrorMsg" classname="com.javarush.stepanov.cmd.LoginEntranceIT" time="0.024">
    <system-out><![CDATA[12:54:56.051 [main] INFO com.javarush.stepanov.config.NanoSpring -- &amp#27;[95mcom.javarush.stepanov.config.Config was finded by Nanospring&amp#27;[0m
12:54:56.051 [main] INFO com.javarush.stepanov.config.NanoSpring -- &amp#27;[95mcom.javarush.stepanov.config.SessionCreator was finded by Nanospring&amp#27;[0m
12:54:56.051 [main] INFO com.javarush.stepanov.config.SessionCreator -- &amp#27;[38;5;94m	begin level: 1 from com.javarush.stepanov.config.Config$ByteBuddy$zMYdtwks.fillEmptyRepository(Unknown Source)&amp#27;[0m
12:54:56.051 [main] INFO com.javarush.stepanov.config.LiqubaseInit -- &amp#27;[35mRunning Liquibase...&amp#27;[0m
Database is up to date, no changesets to execute

UPDATE SUMMARY
Run:                          0
Previously run:              11
Filtered out:                 0
-------------------------------
Total change sets:           11

12:54:56.247 [main] INFO com.javarush.stepanov.config.LiqubaseInit -- &amp#27;[35mRunning Liquibase...DONE&amp#27;[0m
12:54:56.247 [main] INFO com.javarush.stepanov.config.SessionCreator -- &amp#27;[38;5;94m	 end level: 1 from com.javarush.stepanov.config.Config$ByteBuddy$zMYdtwks.fillEmptyRepository(Unknown Source)&amp#27;[0m
12:54:56.252 [main] INFO com.javarush.stepanov.config.NanoSpring -- &amp#27;[95mcom.javarush.stepanov.cmd.LoginEntrance was finded by Nanospring&amp#27;[0m
12:54:56.257 [main] INFO com.javarush.stepanov.config.NanoSpring -- &amp#27;[95mcom.javarush.stepanov.config.SessionCreator was finded by Nanospring&amp#27;[0m
12:54:56.258 [main] INFO com.javarush.stepanov.config.SessionCreator -- &amp#27;[38;5;94m	begin level: 1 from com.javarush.stepanov.service.UserService$ByteBuddy$doiT16lR.loginOrPasswordIsIncorrect(Unknown Source)&amp#27;[0m
12:54:56.258 [main] INFO com.javarush.stepanov.config.NanoSpring -- &amp#27;[95mcom.javarush.stepanov.config.SessionCreator was finded by Nanospring&amp#27;[0m
12:54:56.258 [main] INFO com.javarush.stepanov.config.SessionCreator -- &amp#27;[38;5;94m		begin level: 2 from com.javarush.stepanov.service.UserService$ByteBuddy$doiT16lR.getAll(Unknown Source)&amp#27;[0m
Hibernate: 
    select
        u1_0.id,
        u1_0.login,
        u1_0.password 
    from
        users u1_0
Hibernate: 
    select
        g1_0.users_id,
        g1_0.id,
        g1_0.game_name,
        g1_0.games_count,
        g1_0.loss_count,
        g1_0.wins_count 
    from
        games g1_0 
    where
        g1_0.users_id=?
Hibernate: 
    select
        g1_0.users_id,
        g1_0.id,
        g1_0.game_name,
        g1_0.games_count,
        g1_0.loss_count,
        g1_0.wins_count 
    from
        games g1_0 
    where
        g1_0.users_id=?
Hibernate: 
    select
        g1_0.users_id,
        g1_0.id,
        g1_0.game_name,
        g1_0.games_count,
        g1_0.loss_count,
        g1_0.wins_count 
    from
        games g1_0 
    where
        g1_0.users_id=?
Hibernate: 
    select
        g1_0.users_id,
        g1_0.id,
        g1_0.game_name,
        g1_0.games_count,
        g1_0.loss_count,
        g1_0.wins_count 
    from
        games g1_0 
    where
        g1_0.users_id=?
12:54:56.271 [main] INFO com.javarush.stepanov.config.SessionCreator -- &amp#27;[38;5;94m		 end level: 2 from com.javarush.stepanov.service.UserService$ByteBuddy$doiT16lR.getAll(Unknown Source)&amp#27;[0m
12:54:56.271 [main] INFO com.javarush.stepanov.config.SessionCreator -- &amp#27;[38;5;94m	 end level: 1 from com.javarush.stepanov.service.UserService$ByteBuddy$doiT16lR.loginOrPasswordIsIncorrect(Unknown Source)&amp#27;[0m
]]></system-out>
    <system-err><![CDATA[мар. 10, 2025 12:54:56 PM liquibase.database
INFO: Set default schema name to public
мар. 10, 2025 12:54:56 PM liquibase.changelog
INFO: Reading from public.databasechangelog
мар. 10, 2025 12:54:56 PM liquibase.changelog
INFO: Reading from public.databasechangelog
мар. 10, 2025 12:54:56 PM liquibase.util
INFO: UPDATE SUMMARY
мар. 10, 2025 12:54:56 PM liquibase.util
INFO: Run:                          0
мар. 10, 2025 12:54:56 PM liquibase.util
INFO: Previously run:              11
мар. 10, 2025 12:54:56 PM liquibase.util
INFO: Filtered out:                 0
мар. 10, 2025 12:54:56 PM liquibase.util
INFO: -------------------------------
мар. 10, 2025 12:54:56 PM liquibase.util
INFO: Total change sets:           11
мар. 10, 2025 12:54:56 PM liquibase.util
INFO: Update summary generated
мар. 10, 2025 12:54:56 PM liquibase.lockservice
INFO: Successfully released change log lock
мар. 10, 2025 12:54:56 PM liquibase.command
INFO: Command execution complete
]]></system-err>
  </testcase>
</testsuite>