<?xml version="1.0" encoding="UTF-8"?>
<testsuite xmlns:xsi="http://www.w3.org/2001/XMLSchema-instance" xsi:noNamespaceSchemaLocation="https://maven.apache.org/surefire/maven-failsafe-plugin/xsd/failsafe-test-report-3.0.xsd" version="3.0" name="com.javarush.stepanov.cmd.GameQuestIT" time="109.268" tests="3" errors="0" skipped="0" failures="0">
  <properties>
[...]
</properties>
  <testcase name="whenDidRightStepsThenWin" classname="com.javarush.stepanov.cmd.GameQuestIT" time="1.136">
    <system-out><![CDATA[12:54:56.440 [main] INFO org.testcontainers.images.PullPolicy -- Image pull policy will be performed by: DefaultPullPolicy()
12:54:56.456 [main] INFO org.testcontainers.utility.ImageNameSubstitutor -- Image name substitution will be performed by: DefaultImageNameSubstitutor (composite of 'ConfigurationFileImageNameSubstitutor' and 'PrefixingImageNameSubstitutor')
12:54:57.111 [main] INFO org.testcontainers.dockerclient.DockerClientProviderStrategy -- Loaded org.testcontainers.dockerclient.NpipeSocketClientProviderStrategy from ~/.testcontainers.properties, will try it first
12:54:57.708 [main] INFO org.testcontainers.dockerclient.DockerClientProviderStrategy -- Found Docker environment with local Npipe socket (npipe:////./pipe/docker_engine)
12:54:57.711 [main] INFO org.testcontainers.DockerClientFactory -- Docker host IP address is localhost
12:54:57.742 [main] INFO org.testcontainers.DockerClientFactory -- Connected to docker: 
  Server Version: 27.4.0
  API Version: 1.47
  Operating System: Docker Desktop
  Total Memory: 15958 MB
12:54:57.872 [main] INFO tc.testcontainers/ryuk:0.7.0 -- Pulling docker image: testcontainers/ryuk:0.7.0. Please be patient; this may take some time but only needs to be done once.
12:54:59.847 [docker-java-stream-1807805322] INFO tc.testcontainers/ryuk:0.7.0 -- Starting to pull image
12:54:59.890 [docker-java-stream-1807805322] INFO tc.testcontainers/ryuk:0.7.0 -- Pulling image layers:  0 pending,  0 downloaded,  0 extracted, (0 bytes/0 bytes)
12:55:00.973 [docker-java-stream-1807805322] INFO tc.testcontainers/ryuk:0.7.0 -- Pulling image layers:  2 pending,  1 downloaded,  0 extracted, (0 bytes/? MB)
12:55:01.374 [docker-java-stream-1807805322] INFO tc.testcontainers/ryuk:0.7.0 -- Pulling image layers:  1 pending,  2 downloaded,  0 extracted, (2 MB/? MB)
12:55:01.968 [docker-java-stream-1807805322] INFO tc.testcontainers/ryuk:0.7.0 -- Pulling image layers:  0 pending,  3 downloaded,  0 extracted, (5 MB/6 MB)
12:55:02.302 [docker-java-stream-1807805322] INFO tc.testcontainers/ryuk:0.7.0 -- Pull complete. 3 layers, pulled in 2s (downloaded 5 MB at 2 MB/s)
12:55:02.302 [main] INFO tc.testcontainers/ryuk:0.7.0 -- Image testcontainers/ryuk:0.7.0 pull took PT4.4306382S
12:55:02.376 [main] INFO tc.testcontainers/ryuk:0.7.0 -- Creating container for image: testcontainers/ryuk:0.7.0
12:55:02.888 [main] INFO tc.testcontainers/ryuk:0.7.0 -- Container testcontainers/ryuk:0.7.0 is starting: bbaf825a67db0699177825a4a74d20c023858eda8df6fa2ac50a186da05a9b1d
12:55:03.800 [main] INFO tc.testcontainers/ryuk:0.7.0 -- Container testcontainers/ryuk:0.7.0 started in PT1.4239229S
12:55:03.811 [main] INFO org.testcontainers.utility.RyukResourceReaper -- Ryuk started - will monitor and terminate Testcontainers containers on JVM exit
12:55:03.812 [main] INFO org.testcontainers.DockerClientFactory -- Checking the system...
12:55:03.812 [main] INFO org.testcontainers.DockerClientFactory -- ✔︎ Docker server version should be at least 1.6.0
12:55:03.821 [main] INFO tc.postgres:16.3 -- Pulling docker image: postgres:16.3. Please be patient; this may take some time but only needs to be done once.
12:55:05.493 [docker-java-stream--770497888] INFO tc.postgres:16.3 -- Starting to pull image
12:55:05.494 [docker-java-stream--770497888] INFO tc.postgres:16.3 -- Pulling image layers:  0 pending,  0 downloaded,  0 extracted, (0 bytes/0 bytes)
12:55:07.148 [docker-java-stream--770497888] INFO tc.postgres:16.3 -- Pulling image layers: 13 pending,  1 downloaded,  0 extracted, (3 MB/? MB)
12:55:07.149 [docker-java-stream--770497888] INFO tc.postgres:16.3 -- Pulling image layers: 12 pending,  2 downloaded,  0 extracted, (5 MB/? MB)
12:55:07.237 [docker-java-stream--770497888] INFO tc.postgres:16.3 -- Pulling image layers: 11 pending,  3 downloaded,  0 extracted, (6 MB/? MB)
12:55:07.338 [docker-java-stream--770497888] INFO tc.postgres:16.3 -- Pulling image layers: 10 pending,  4 downloaded,  0 extracted, (6 MB/? MB)
12:55:07.339 [docker-java-stream--770497888] INFO tc.postgres:16.3 -- Pulling image layers:  9 pending,  5 downloaded,  0 extracted, (6 MB/? MB)
12:55:07.340 [docker-java-stream--770497888] INFO tc.postgres:16.3 -- Pulling image layers:  8 pending,  6 downloaded,  0 extracted, (7 MB/? MB)
12:55:07.440 [docker-java-stream--770497888] INFO tc.postgres:16.3 -- Pulling image layers:  7 pending,  7 downloaded,  0 extracted, (7 MB/? MB)
12:55:07.738 [docker-java-stream--770497888] INFO tc.postgres:16.3 -- Pulling image layers:  6 pending,  8 downloaded,  0 extracted, (9 MB/? MB)
12:55:09.437 [docker-java-stream--770497888] INFO tc.postgres:16.3 -- Pulling image layers:  5 pending,  9 downloaded,  0 extracted, (26 MB/? MB)
12:55:09.537 [docker-java-stream--770497888] INFO tc.postgres:16.3 -- Pulling image layers:  4 pending, 10 downloaded,  0 extracted, (30 MB/? MB)
12:55:10.037 [docker-java-stream--770497888] INFO tc.postgres:16.3 -- Pulling image layers:  3 pending, 11 downloaded,  0 extracted, (35 MB/? MB)
12:55:11.438 [docker-java-stream--770497888] INFO tc.postgres:16.3 -- Pulling image layers:  2 pending, 12 downloaded,  0 extracted, (40 MB/? MB)
12:55:12.139 [docker-java-stream--770497888] INFO tc.postgres:16.3 -- Pulling image layers:  1 pending, 13 downloaded,  0 extracted, (42 MB/? MB)
12:56:31.834 [docker-java-stream--770497888] INFO tc.postgres:16.3 -- Pulling image layers:  0 pending, 14 downloaded,  0 extracted, (142 MB/146 MB)
12:56:34.389 [main] INFO tc.postgres:16.3 -- Image postgres:16.3 pull took PT1M30.5677611S
12:56:34.389 [docker-java-stream--770497888] INFO tc.postgres:16.3 -- Pull complete. 14 layers, pulled in 88s (downloaded 142 MB at 1 MB/s)
12:56:34.446 [main] INFO tc.postgres:16.3 -- Creating container for image: postgres:16.3
12:56:34.822 [main] INFO tc.postgres:16.3 -- Container postgres:16.3 is starting: 2816c101f311709c10d5e214747f1634a2b9e3c3c83820c3b5c43ad6339e9ba7
12:56:36.503 [main] INFO tc.postgres:16.3 -- Container postgres:16.3 started in PT2.0569118S
12:56:36.503 [main] INFO tc.postgres:16.3 -- Container is started (JDBC URL: jdbc:postgresql://localhost:60484/test?loggerLevel=OFF)
12:56:36.511 [main] INFO com.javarush.stepanov.config.NanoSpring -- &amp#27;[95mnanospring init begin: &amp#27;[0m
12:56:36.571 [main] INFO com.javarush.stepanov.config.NanoSpring -- &amp#27;[95mnanospring init end: &amp#27;[0m
12:56:36.574 [main] INFO com.javarush.stepanov.config.ApplicationProperties -- Environment size: 60
12:56:36.574 [main] INFO com.javarush.stepanov.config.ApplicationProperties -- PATH = C:\Program Files (x86)\Common Files\Oracle\Java\java8path;C:\Program Files (x86)\Common Files\Oracle\Java\javapath;C:\Windows\system32;C:\Windows;C:\Windows\System32\Wbem;C:\Windows\System32\WindowsPowerShell\v1.0\;C:\Windows\System32\OpenSSH\;C:\Program Files\Docker\Docker\resources\bin;C:\Program Files\Git\cmd;C:\Program Files\Common Files\Oracle\Java\javapath;C:\Program Files (x86)\Common Files\Oracle\Java\java8path;C:\Program Files (x86)\Common Files\Oracle\Java\javapath;C:\Windows\system32;C:\Windows;C:\Windows\System32\Wbem;C:\Windows\System32\WindowsPowerShell\v1.0\;C:\Windows\System32\OpenSSH\;C:\Program Files\Docker\Docker\resources\bin;C:\Users\user\AppData\Local\Microsoft\WindowsApps;;C:\Program Files\Java\jdk-23\bin
12:56:36.574 [main] INFO com.javarush.stepanov.config.ApplicationProperties -- USERDOMAIN_ROAMINGPROFILE = WIN-CA5TTJBG7UL
12:56:36.574 [main] INFO com.javarush.stepanov.config.ApplicationProperties -- PROCESSOR_LEVEL = 6
12:56:36.575 [main] INFO com.javarush.stepanov.config.ApplicationProperties -- SYSTEMDRIVE = C:
12:56:36.575 [main] INFO com.javarush.stepanov.config.ApplicationProperties -- SESSIONNAME = Console
12:56:36.575 [main] INFO com.javarush.stepanov.config.ApplicationProperties -- ALLUSERSPROFILE = C:\ProgramData
12:56:36.575 [main] INFO com.javarush.stepanov.config.ApplicationProperties -- PROCESSOR_ARCHITECTURE = AMD64
12:56:36.575 [main] INFO com.javarush.stepanov.config.ApplicationProperties -- GATEWAY_VM_OPTIONS = C:\jetbra\jetbra\vmoptions\gateway.vmoptions
12:56:36.575 [main] INFO com.javarush.stepanov.config.ApplicationProperties -- DRIVERDATA = C:\Windows\System32\Drivers\DriverData
12:56:36.575 [main] INFO com.javarush.stepanov.config.ApplicationProperties -- PROGRAMFILES = C:\Program Files
12:56:36.575 [main] INFO com.javarush.stepanov.config.ApplicationProperties -- PSMODULEPATH = C:\Program Files\WindowsPowerShell\Modules;C:\Windows\system32\WindowsPowerShell\v1.0\Modules
12:56:36.575 [main] INFO com.javarush.stepanov.config.ApplicationProperties -- RIDER_VM_OPTIONS = C:\jetbra\jetbra\vmoptions\rider.vmoptions
12:56:36.575 [main] INFO com.javarush.stepanov.config.ApplicationProperties -- PROGRAMDATA = C:\ProgramData
12:56:36.575 [main] INFO com.javarush.stepanov.config.ApplicationProperties -- USERNAME = user
12:56:36.575 [main] INFO com.javarush.stepanov.config.ApplicationProperties -- DEVECOSTUDIO_VM_OPTIONS = C:\jetbra\jetbra\vmoptions\devecostudio.vmoptions
12:56:36.575 [main] INFO com.javarush.stepanov.config.ApplicationProperties -- STUDIO_VM_OPTIONS = C:\jetbra\jetbra\vmoptions\studio.vmoptions
12:56:36.575 [main] INFO com.javarush.stepanov.config.ApplicationProperties -- FPS_BROWSER_USER_PROFILE_STRING = Default
12:56:36.575 [main] INFO com.javarush.stepanov.config.ApplicationProperties -- ONEDRIVE = C:\Users\user\OneDrive
12:56:36.575 [main] INFO com.javarush.stepanov.config.ApplicationProperties -- PATHEXT = .COM;.EXE;.BAT;.CMD;.VBS;.VBE;.JS;.JSE;.WSF;.WSH;.MSC
12:56:36.575 [main] INFO com.javarush.stepanov.config.ApplicationProperties -- APPCODE_VM_OPTIONS = C:\jetbra\jetbra\vmoptions\appcode.vmoptions
12:56:36.575 [main] INFO com.javarush.stepanov.config.ApplicationProperties -- WINDIR = C:\Windows
12:56:36.575 [main] INFO com.javarush.stepanov.config.ApplicationProperties -- DATASPELL_VM_OPTIONS = C:\jetbra\jetbra\vmoptions\dataspell.vmoptions
12:56:36.576 [main] INFO com.javarush.stepanov.config.ApplicationProperties -- HOMEPATH = \Users\user
12:56:36.576 [main] INFO com.javarush.stepanov.config.ApplicationProperties -- PROCESSOR_IDENTIFIER = Intel64 Family 6 Model 158 Stepping 11, GenuineIntel
12:56:36.576 [main] INFO com.javarush.stepanov.config.ApplicationProperties -- PUBLIC = C:\Users\Public
12:56:36.576 [main] INFO com.javarush.stepanov.config.ApplicationProperties -- =:: = ::\
12:56:36.576 [main] INFO com.javarush.stepanov.config.ApplicationProperties -- DATAGRIP_VM_OPTIONS = C:\jetbra\jetbra\vmoptions\datagrip.vmoptions
12:56:36.576 [main] INFO com.javarush.stepanov.config.ApplicationProperties -- LOCALAPPDATA = C:\Users\user\AppData\Local
12:56:36.576 [main] INFO com.javarush.stepanov.config.ApplicationProperties -- COMMONPROGRAMFILES(X86) = C:\Program Files (x86)\Common Files
12:56:36.576 [main] INFO com.javarush.stepanov.config.ApplicationProperties -- USERDOMAIN = WIN-CA5TTJBG7UL
12:56:36.576 [main] INFO com.javarush.stepanov.config.ApplicationProperties -- FPS_BROWSER_APP_PROFILE_STRING = Internet Explorer
12:56:36.576 [main] INFO com.javarush.stepanov.config.ApplicationProperties -- LOGONSERVER = \\WIN-CA5TTJBG7UL
12:56:36.576 [main] INFO com.javarush.stepanov.config.ApplicationProperties -- PYCHARM_VM_OPTIONS = C:\jetbra\jetbra\vmoptions\pycharm.vmoptions
12:56:36.576 [main] INFO com.javarush.stepanov.config.ApplicationProperties -- WEBSTORM_VM_OPTIONS = C:\jetbra\jetbra\vmoptions\webstorm.vmoptions
12:56:36.576 [main] INFO com.javarush.stepanov.config.ApplicationProperties -- JAVA_HOME = C:\Program Files\Java\jdk-23
12:56:36.576 [main] INFO com.javarush.stepanov.config.ApplicationProperties -- PROMPT = $P$G
12:56:36.576 [main] INFO com.javarush.stepanov.config.ApplicationProperties -- CLION_VM_OPTIONS = C:\jetbra\jetbra\vmoptions\clion.vmoptions
12:56:36.576 [main] INFO com.javarush.stepanov.config.ApplicationProperties -- JETBRAINSCLIENT_VM_OPTIONS = C:\jetbra\jetbra\vmoptions\jetbrainsclient.vmoptions
12:56:36.576 [main] INFO com.javarush.stepanov.config.ApplicationProperties -- PROGRAMFILES(X86) = C:\Program Files (x86)
12:56:36.576 [main] INFO com.javarush.stepanov.config.ApplicationProperties -- GOLAND_VM_OPTIONS = C:\jetbra\jetbra\vmoptions\goland.vmoptions
12:56:36.576 [main] INFO com.javarush.stepanov.config.ApplicationProperties -- =C: = C:\projects\ProjectGorillaz
12:56:36.577 [main] INFO com.javarush.stepanov.config.ApplicationProperties -- APPDATA = C:\Users\user\AppData\Roaming
12:56:36.577 [main] INFO com.javarush.stepanov.config.ApplicationProperties -- IDEA_VM_OPTIONS = C:\jetbra\jetbra\vmoptions\idea.vmoptions
12:56:36.577 [main] INFO com.javarush.stepanov.config.ApplicationProperties -- PROGRAMW6432 = C:\Program Files
12:56:36.577 [main] INFO com.javarush.stepanov.config.ApplicationProperties -- SYSTEMROOT = C:\Windows
12:56:36.577 [main] INFO com.javarush.stepanov.config.ApplicationProperties -- RUBYMINE_VM_OPTIONS = C:\jetbra\jetbra\vmoptions\rubymine.vmoptions
12:56:36.577 [main] INFO com.javarush.stepanov.config.ApplicationProperties -- JETBRAINS_CLIENT_VM_OPTIONS = C:\jetbra\jetbra\vmoptions\jetbrains_client.vmoptions
12:56:36.577 [main] INFO com.javarush.stepanov.config.ApplicationProperties -- OS = Windows_NT
12:56:36.577 [main] INFO com.javarush.stepanov.config.ApplicationProperties -- COMMONPROGRAMW6432 = C:\Program Files\Common Files
12:56:36.577 [main] INFO com.javarush.stepanov.config.ApplicationProperties -- COMPUTERNAME = WIN-CA5TTJBG7UL
12:56:36.577 [main] INFO com.javarush.stepanov.config.ApplicationProperties -- COMMONPROGRAMFILES = C:\Program Files\Common Files
12:56:36.577 [main] INFO com.javarush.stepanov.config.ApplicationProperties -- COMSPEC = C:\Windows\system32\cmd.exe
12:56:36.577 [main] INFO com.javarush.stepanov.config.ApplicationProperties -- PROCESSOR_REVISION = 9e0b
12:56:36.577 [main] INFO com.javarush.stepanov.config.ApplicationProperties -- TEMP = C:\Users\user\AppData\Local\Temp
12:56:36.577 [main] INFO com.javarush.stepanov.config.ApplicationProperties -- WEBIDE_VM_OPTIONS = C:\jetbra\jetbra\vmoptions\webide.vmoptions
12:56:36.577 [main] INFO com.javarush.stepanov.config.ApplicationProperties -- HOMEDRIVE = C:
12:56:36.577 [main] INFO com.javarush.stepanov.config.ApplicationProperties -- USERPROFILE = C:\Users\user
12:56:36.577 [main] INFO com.javarush.stepanov.config.ApplicationProperties -- TMP = C:\Users\user\AppData\Local\Temp
12:56:36.577 [main] INFO com.javarush.stepanov.config.ApplicationProperties -- NUMBER_OF_PROCESSORS = 4
12:56:36.577 [main] INFO com.javarush.stepanov.config.ApplicationProperties -- PHPSTORM_VM_OPTIONS = C:\jetbra\jetbra\vmoptions\phpstorm.vmoptions
12:56:36.585 [main] INFO com.javarush.stepanov.config.NanoSpring -- &amp#27;[95mcom.javarush.stepanov.config.ApplicationProperties was finded by Nanospring&amp#27;[0m
12:56:36.587 [main] INFO com.javarush.stepanov.config.NanoSpring -- &amp#27;[95mcom.javarush.stepanov.config.ApplicationProperties was finded by Nanospring&amp#27;[0m
12:56:36.587 [main] INFO com.javarush.stepanov.config.NanoSpring -- &amp#27;[95mcom.javarush.stepanov.config.LiqubaseInit was finded by Nanospring&amp#27;[0m
12:56:37.133 [main] INFO com.javarush.stepanov.config.NanoSpring -- &amp#27;[95mcom.javarush.stepanov.config.Config was finded by Nanospring&amp#27;[0m
12:56:37.133 [main] INFO com.javarush.stepanov.config.NanoSpring -- &amp#27;[95mcom.javarush.stepanov.config.ApplicationProperties was finded by Nanospring&amp#27;[0m
12:56:37.352 [main] INFO org.hibernate.Version -- HHH000412: Hibernate ORM core version 6.5.3.Final
12:56:37.458 [main] INFO org.hibernate.cache.internal.RegionFactoryInitiator -- HHH000026: Second-level cache disabled
12:56:37.665 [main] WARN org.hibernate.orm.connections.pooling -- HHH10001002: Using built-in connection pool (not intended for production use)
12:56:37.665 [main] INFO org.hibernate.orm.connections.pooling -- HHH10001005: Loaded JDBC driver class: org.postgresql.Driver
12:56:37.665 [main] INFO org.hibernate.orm.connections.pooling -- HHH10001012: Connecting with JDBC URL [jdbc:postgresql://localhost:60484/test?loggerLevel=OFF]
12:56:37.665 [main] INFO org.hibernate.orm.connections.pooling -- HHH10001001: Connection properties: {password=****, user=test}
12:56:37.665 [main] INFO org.hibernate.orm.connections.pooling -- HHH10001003: Autocommit mode: false
12:56:37.670 [main] INFO org.hibernate.orm.connections.pooling -- HHH10001115: Connection pool size: 20 (min=1)
12:56:40.082 [main] INFO org.hibernate.engine.transaction.jta.platform.internal.JtaPlatformInitiator -- HHH000489: No JTA platform available (set 'hibernate.transaction.jta.platform' to enable JTA platform integration)
12:56:40.088 [main] INFO com.javarush.stepanov.config.NanoSpring -- &amp#27;[95mcom.javarush.stepanov.config.SessionCreator was finded by Nanospring&amp#27;[0m
12:56:40.155 [main] INFO com.javarush.stepanov.config.SessionCreator -- &amp#27;[38;5;94m	begin level: 1 from com.javarush.stepanov.config.Config$ByteBuddy$YVVBjYLY.fillEmptyRepository(Unknown Source)&amp#27;[0m
12:56:40.156 [main] INFO com.javarush.stepanov.config.LiqubaseInit -- &amp#27;[35mRunning Liquibase...&amp#27;[0m
Running Changeset: db/history/2025/02/04-01-users.xml::2025-02-04-01-users::stepanov
Running Changeset: db/history/2025/02/04-02-users-data.xml::2025-02-04-02-users-data::stepanov
Running Changeset: db/history/2025/02/06-01-quest-info-entity.xml::2025-02-06-01-quest-info-entity::stepanov
Running Changeset: db/history/2025/02/06-02-quest-info-entity-data.xml::2025-02-06-02-quest-info-entity-data::stepanov
Running Changeset: db/history/2025/02/06-03-quest-map.xml::2025-02-06-03-quest-map::stepanov
Running Changeset: db/history/2025/02/06-04-quest-map-data.xml::2025-02-06-04-quest-map-data::stepanov
Running Changeset: db/history/2025/02/06-05-roulette-map.xml::2025-02-06-05-roulette-map::stepanov
Running Changeset: db/history/2025/02/06-06-roulette-map-data.xml::2025-02-06-06-roulette-map-data::stepanov
Running Changeset: db/history/2025/02/12-01-games.xml::2025-02-12-01-games::stepanov
Running Changeset: db/history/2025/02/12-01-games.xml::2025-02-12-01-add-games-fk::stepanov
Running Changeset: db/history/2025/02/12-02-games-data.xml::2025-02-12-01-games::stepanov

UPDATE SUMMARY
Run:                         11
Previously run:               0
Filtered out:                 0
-------------------------------
Total change sets:           11

Liquibase: Update has been successful. Rows affected: 66
12:56:41.914 [main] INFO com.javarush.stepanov.config.LiqubaseInit -- &amp#27;[35mRunning Liquibase...DONE&amp#27;[0m
12:56:41.915 [main] INFO com.javarush.stepanov.config.SessionCreator -- &amp#27;[38;5;94m	 end level: 1 from com.javarush.stepanov.config.Config$ByteBuddy$YVVBjYLY.fillEmptyRepository(Unknown Source)&amp#27;[0m
12:56:41.918 [main] INFO com.javarush.stepanov.config.NanoSpring -- &amp#27;[95mcom.javarush.stepanov.config.Config was finded by Nanospring&amp#27;[0m
12:56:41.918 [main] INFO com.javarush.stepanov.config.NanoSpring -- &amp#27;[95mcom.javarush.stepanov.config.SessionCreator was finded by Nanospring&amp#27;[0m
12:56:41.919 [main] INFO com.javarush.stepanov.config.SessionCreator -- &amp#27;[38;5;94m	begin level: 1 from com.javarush.stepanov.config.Config$ByteBuddy$YVVBjYLY.fillEmptyRepository(Unknown Source)&amp#27;[0m
12:56:41.920 [main] INFO com.javarush.stepanov.config.LiqubaseInit -- &amp#27;[35mRunning Liquibase...&amp#27;[0m
Database is up to date, no changesets to execute

UPDATE SUMMARY
Run:                          0
Previously run:              11
Filtered out:                 0
-------------------------------
Total change sets:           11

12:56:42.208 [main] INFO com.javarush.stepanov.config.LiqubaseInit -- &amp#27;[35mRunning Liquibase...DONE&amp#27;[0m
12:56:42.209 [main] INFO com.javarush.stepanov.config.SessionCreator -- &amp#27;[38;5;94m	 end level: 1 from com.javarush.stepanov.config.Config$ByteBuddy$YVVBjYLY.fillEmptyRepository(Unknown Source)&amp#27;[0m
12:56:43.556 [main] INFO com.javarush.stepanov.config.NanoSpring -- &amp#27;[95mcom.javarush.stepanov.config.SessionCreator was finded by Nanospring&amp#27;[0m
12:56:43.564 [main] INFO com.javarush.stepanov.config.NanoSpring -- &amp#27;[95mcom.javarush.stepanov.repository.QuestMapRepository was finded by Nanospring&amp#27;[0m
12:56:43.566 [main] INFO com.javarush.stepanov.config.NanoSpring -- &amp#27;[95mcom.javarush.stepanov.config.SessionCreator was finded by Nanospring&amp#27;[0m
12:56:43.570 [main] INFO com.javarush.stepanov.config.NanoSpring -- &amp#27;[95mcom.javarush.stepanov.repository.QuestInfoEntityRepository was finded by Nanospring&amp#27;[0m
12:56:43.572 [main] INFO com.javarush.stepanov.config.NanoSpring -- &amp#27;[95mcom.javarush.stepanov.mapping.DtoImpl was finded by Nanospring&amp#27;[0m
12:56:43.574 [main] INFO com.javarush.stepanov.config.NanoSpring -- &amp#27;[95mcom.javarush.stepanov.config.SessionCreator was finded by Nanospring&amp#27;[0m
12:56:43.579 [main] INFO com.javarush.stepanov.config.NanoSpring -- &amp#27;[95mcom.javarush.stepanov.repository.UserRepository was finded by Nanospring&amp#27;[0m
12:56:43.601 [main] INFO com.javarush.stepanov.config.NanoSpring -- &amp#27;[95mcom.javarush.stepanov.service.UserService was finded by Nanospring&amp#27;[0m
Hibernate: 
    select
        qie1_0.id,
        qie1_0.button_left_text,
        qie1_0.button_right_text,
        qie1_0.delta_evidence,
        qie1_0.delta_gold,
        qie1_0.delta_time,
        qie1_0.description,
        qie1_0.image_url,
        qie1_0.result_left_text,
        qie1_0.result_right_text 
    from
        quest_info_entity qie1_0
Hibernate: 
    select
        qm1_0.key,
        qm1_0.value 
    from
        quest_map qm1_0
12:56:44.593 [main] INFO com.javarush.stepanov.config.NanoSpring -- &amp#27;[95mcom.javarush.stepanov.service.QuestService was finded by Nanospring&amp#27;[0m
12:56:44.595 [main] INFO com.javarush.stepanov.config.NanoSpring -- &amp#27;[95mcom.javarush.stepanov.service.UserService was finded by Nanospring&amp#27;[0m
12:56:44.596 [main] INFO com.javarush.stepanov.config.NanoSpring -- &amp#27;[95mcom.javarush.stepanov.cmd.GameQuest was finded by Nanospring&amp#27;[0m
12:56:44.605 [main] INFO com.javarush.stepanov.config.NanoSpring -- &amp#27;[95mcom.javarush.stepanov.config.SessionCreator was finded by Nanospring&amp#27;[0m
12:56:44.606 [main] INFO com.javarush.stepanov.config.SessionCreator -- &amp#27;[38;5;94m	begin level: 1 from com.javarush.stepanov.service.UserService$ByteBuddy$c5vG5L9Q.getActualUserTo(Unknown Source)&amp#27;[0m
12:56:44.606 [main] INFO com.javarush.stepanov.config.SessionCreator -- &amp#27;[38;5;94m	 end level: 1 from com.javarush.stepanov.service.UserService$ByteBuddy$c5vG5L9Q.getActualUserTo(Unknown Source)&amp#27;[0m
12:56:44.612 [main] INFO com.javarush.stepanov.config.NanoSpring -- &amp#27;[95mcom.javarush.stepanov.config.SessionCreator was finded by Nanospring&amp#27;[0m
12:56:44.612 [main] INFO com.javarush.stepanov.config.SessionCreator -- &amp#27;[38;5;94m	begin level: 1 from com.javarush.stepanov.service.UserService$ByteBuddy$c5vG5L9Q.getActualUserTo(Unknown Source)&amp#27;[0m
12:56:44.612 [main] INFO com.javarush.stepanov.config.SessionCreator -- &amp#27;[38;5;94m	 end level: 1 from com.javarush.stepanov.service.UserService$ByteBuddy$c5vG5L9Q.getActualUserTo(Unknown Source)&amp#27;[0m
12:56:44.614 [main] INFO com.javarush.stepanov.config.NanoSpring -- &amp#27;[95mcom.javarush.stepanov.config.SessionCreator was finded by Nanospring&amp#27;[0m
12:56:44.615 [main] INFO com.javarush.stepanov.config.SessionCreator -- &amp#27;[38;5;94m	begin level: 1 from com.javarush.stepanov.service.UserService$ByteBuddy$c5vG5L9Q.getActualUserTo(Unknown Source)&amp#27;[0m
12:56:44.615 [main] INFO com.javarush.stepanov.config.SessionCreator -- &amp#27;[38;5;94m	 end level: 1 from com.javarush.stepanov.service.UserService$ByteBuddy$c5vG5L9Q.getActualUserTo(Unknown Source)&amp#27;[0m
12:56:44.616 [main] INFO com.javarush.stepanov.config.NanoSpring -- &amp#27;[95mcom.javarush.stepanov.config.SessionCreator was finded by Nanospring&amp#27;[0m
12:56:44.617 [main] INFO com.javarush.stepanov.config.SessionCreator -- &amp#27;[38;5;94m	begin level: 1 from com.javarush.stepanov.service.UserService$ByteBuddy$c5vG5L9Q.getActualUserTo(Unknown Source)&amp#27;[0m
12:56:44.617 [main] INFO com.javarush.stepanov.config.SessionCreator -- &amp#27;[38;5;94m	 end level: 1 from com.javarush.stepanov.service.UserService$ByteBuddy$c5vG5L9Q.getActualUserTo(Unknown Source)&amp#27;[0m
12:56:44.619 [main] INFO com.javarush.stepanov.config.NanoSpring -- &amp#27;[95mcom.javarush.stepanov.config.SessionCreator was finded by Nanospring&amp#27;[0m
12:56:44.619 [main] INFO com.javarush.stepanov.config.SessionCreator -- &amp#27;[38;5;94m	begin level: 1 from com.javarush.stepanov.service.UserService$ByteBuddy$c5vG5L9Q.getActualUserTo(Unknown Source)&amp#27;[0m
12:56:44.620 [main] INFO com.javarush.stepanov.config.SessionCreator -- &amp#27;[38;5;94m	 end level: 1 from com.javarush.stepanov.service.UserService$ByteBuddy$c5vG5L9Q.getActualUserTo(Unknown Source)&amp#27;[0m
12:56:44.621 [main] INFO com.javarush.stepanov.config.NanoSpring -- &amp#27;[95mcom.javarush.stepanov.config.SessionCreator was finded by Nanospring&amp#27;[0m
12:56:44.622 [main] INFO com.javarush.stepanov.config.SessionCreator -- &amp#27;[38;5;94m	begin level: 1 from com.javarush.stepanov.service.UserService$ByteBuddy$c5vG5L9Q.getActualUserTo(Unknown Source)&amp#27;[0m
12:56:44.622 [main] INFO com.javarush.stepanov.config.SessionCreator -- &amp#27;[38;5;94m	 end level: 1 from com.javarush.stepanov.service.UserService$ByteBuddy$c5vG5L9Q.getActualUserTo(Unknown Source)&amp#27;[0m
]]></system-out>
    <system-err><![CDATA[мар. 07, 2025 12:56:40 PM liquibase.database
INFO: Set default schema name to public
мар. 07, 2025 12:56:41 PM liquibase.changelog
INFO: Creating database history table with name: public.databasechangelog
мар. 07, 2025 12:56:41 PM liquibase.changelog
INFO: Reading from public.databasechangelog
мар. 07, 2025 12:56:41 PM liquibase.lockservice
INFO: Successfully acquired change log lock
мар. 07, 2025 12:56:41 PM liquibase.command
INFO: Using deploymentId: 1341401427
мар. 07, 2025 12:56:41 PM liquibase.changelog
INFO: Reading from public.databasechangelog
мар. 07, 2025 12:56:41 PM liquibase.changelog
INFO: Table users created
мар. 07, 2025 12:56:41 PM liquibase.changelog
INFO: ChangeSet db/history/2025/02/04-01-users.xml::2025-02-04-01-users::stepanov ran successfully in 13ms
мар. 07, 2025 12:56:41 PM liquibase.changelog
INFO: New row inserted into users
мар. 07, 2025 12:56:41 PM liquibase.changelog
INFO: New row inserted into users
мар. 07, 2025 12:56:41 PM liquibase.changelog
INFO: New row inserted into users
мар. 07, 2025 12:56:41 PM liquibase.changelog
INFO: New row inserted into users
мар. 07, 2025 12:56:41 PM liquibase.changelog
INFO: ChangeSet db/history/2025/02/04-02-users-data.xml::2025-02-04-02-users-data::stepanov ran successfully in 13ms
мар. 07, 2025 12:56:41 PM liquibase.changelog
INFO: Table quest_info_entity created
мар. 07, 2025 12:56:41 PM liquibase.changelog
INFO: ChangeSet db/history/2025/02/06-01-quest-info-entity.xml::2025-02-06-01-quest-info-entity::stepanov ran successfully in 10ms
мар. 07, 2025 12:56:41 PM liquibase.changelog
INFO: New row inserted into quest_info_entity
мар. 07, 2025 12:56:41 PM liquibase.changelog
INFO: New row inserted into quest_info_entity
мар. 07, 2025 12:56:41 PM liquibase.changelog
INFO: New row inserted into quest_info_entity
мар. 07, 2025 12:56:41 PM liquibase.changelog
INFO: New row inserted into quest_info_entity
мар. 07, 2025 12:56:41 PM liquibase.changelog
INFO: New row inserted into quest_info_entity
мар. 07, 2025 12:56:41 PM liquibase.changelog
INFO: ChangeSet db/history/2025/02/06-02-quest-info-entity-data.xml::2025-02-06-02-quest-info-entity-data::stepanov ran successfully in 23ms
мар. 07, 2025 12:56:41 PM liquibase.changelog
INFO: Table quest_map created
мар. 07, 2025 12:56:41 PM liquibase.changelog
INFO: ChangeSet db/history/2025/02/06-03-quest-map.xml::2025-02-06-03-quest-map::stepanov ran successfully in 5ms
мар. 07, 2025 12:56:41 PM liquibase.changelog
INFO: New row inserted into quest_map
мар. 07, 2025 12:56:41 PM liquibase.changelog
INFO: New row inserted into quest_map
мар. 07, 2025 12:56:41 PM liquibase.changelog
INFO: New row inserted into quest_map
мар. 07, 2025 12:56:41 PM liquibase.changelog
INFO: New row inserted into quest_map
мар. 07, 2025 12:56:41 PM liquibase.changelog
INFO: New row inserted into quest_map
мар. 07, 2025 12:56:41 PM liquibase.changelog
INFO: New row inserted into quest_map
мар. 07, 2025 12:56:41 PM liquibase.changelog
INFO: New row inserted into quest_map
мар. 07, 2025 12:56:41 PM liquibase.changelog
INFO: New row inserted into quest_map
мар. 07, 2025 12:56:41 PM liquibase.changelog
INFO: New row inserted into quest_map
мар. 07, 2025 12:56:41 PM liquibase.changelog
INFO: New row inserted into quest_map
мар. 07, 2025 12:56:41 PM liquibase.changelog
INFO: New row inserted into quest_map
мар. 07, 2025 12:56:41 PM liquibase.changelog
INFO: New row inserted into quest_map
мар. 07, 2025 12:56:41 PM liquibase.changelog
INFO: New row inserted into quest_map
мар. 07, 2025 12:56:41 PM liquibase.changelog
INFO: New row inserted into quest_map
мар. 07, 2025 12:56:41 PM liquibase.changelog
INFO: New row inserted into quest_map
мар. 07, 2025 12:56:41 PM liquibase.changelog
INFO: New row inserted into quest_map
мар. 07, 2025 12:56:41 PM liquibase.changelog
INFO: New row inserted into quest_map
мар. 07, 2025 12:56:41 PM liquibase.changelog
INFO: New row inserted into quest_map
мар. 07, 2025 12:56:41 PM liquibase.changelog
INFO: New row inserted into quest_map
мар. 07, 2025 12:56:41 PM liquibase.changelog
INFO: ChangeSet db/history/2025/02/06-04-quest-map-data.xml::2025-02-06-04-quest-map-data::stepanov ran successfully in 42ms
мар. 07, 2025 12:56:41 PM liquibase.changelog
INFO: Table roulette_map created
мар. 07, 2025 12:56:41 PM liquibase.changelog
INFO: ChangeSet db/history/2025/02/06-05-roulette-map.xml::2025-02-06-05-roulette-map::stepanov ran successfully in 5ms
мар. 07, 2025 12:56:41 PM liquibase.changelog
INFO: New row inserted into roulette_map
мар. 07, 2025 12:56:41 PM liquibase.changelog
INFO: New row inserted into roulette_map
мар. 07, 2025 12:56:41 PM liquibase.changelog
INFO: New row inserted into roulette_map
мар. 07, 2025 12:56:41 PM liquibase.changelog
INFO: New row inserted into roulette_map
мар. 07, 2025 12:56:41 PM liquibase.changelog
INFO: New row inserted into roulette_map
мар. 07, 2025 12:56:41 PM liquibase.changelog
INFO: New row inserted into roulette_map
мар. 07, 2025 12:56:41 PM liquibase.changelog
INFO: New row inserted into roulette_map
мар. 07, 2025 12:56:41 PM liquibase.changelog
INFO: New row inserted into roulette_map
мар. 07, 2025 12:56:41 PM liquibase.changelog
INFO: New row inserted into roulette_map
мар. 07, 2025 12:56:41 PM liquibase.changelog
INFO: New row inserted into roulette_map
мар. 07, 2025 12:56:41 PM liquibase.changelog
INFO: New row inserted into roulette_map
мар. 07, 2025 12:56:41 PM liquibase.changelog
INFO: New row inserted into roulette_map
мар. 07, 2025 12:56:41 PM liquibase.changelog
INFO: New row inserted into roulette_map
мар. 07, 2025 12:56:41 PM liquibase.changelog
INFO: New row inserted into roulette_map
мар. 07, 2025 12:56:41 PM liquibase.changelog
INFO: New row inserted into roulette_map
мар. 07, 2025 12:56:41 PM liquibase.changelog
INFO: New row inserted into roulette_map
мар. 07, 2025 12:56:41 PM liquibase.changelog
INFO: ChangeSet db/history/2025/02/06-06-roulette-map-data.xml::2025-02-06-06-roulette-map-data::stepanov ran successfully in 103ms
мар. 07, 2025 12:56:41 PM liquibase.changelog
INFO: Table games created
мар. 07, 2025 12:56:41 PM liquibase.changelog
INFO: ChangeSet db/history/2025/02/12-01-games.xml::2025-02-12-01-games::stepanov ran successfully in 28ms
мар. 07, 2025 12:56:41 PM liquibase.changelog
INFO: Foreign key constraint added to games (users_id)
мар. 07, 2025 12:56:41 PM liquibase.changelog
INFO: ChangeSet db/history/2025/02/12-01-games.xml::2025-02-12-01-add-games-fk::stepanov ran successfully in 7ms
мар. 07, 2025 12:56:41 PM liquibase.changelog
INFO: New row inserted into games
мар. 07, 2025 12:56:41 PM liquibase.changelog
INFO: New row inserted into games
мар. 07, 2025 12:56:41 PM liquibase.changelog
INFO: New row inserted into games
мар. 07, 2025 12:56:41 PM liquibase.changelog
INFO: New row inserted into games
мар. 07, 2025 12:56:41 PM liquibase.changelog
INFO: New row inserted into games
мар. 07, 2025 12:56:41 PM liquibase.changelog
INFO: New row inserted into games
мар. 07, 2025 12:56:41 PM liquibase.changelog
INFO: New row inserted into games
мар. 07, 2025 12:56:41 PM liquibase.changelog
INFO: New row inserted into games
мар. 07, 2025 12:56:41 PM liquibase.changelog
INFO: New row inserted into games
мар. 07, 2025 12:56:41 PM liquibase.changelog
INFO: New row inserted into games
мар. 07, 2025 12:56:41 PM liquibase.changelog
INFO: New row inserted into games
мар. 07, 2025 12:56:41 PM liquibase.changelog
INFO: ChangeSet db/history/2025/02/12-02-games-data.xml::2025-02-12-01-games::stepanov ran successfully in 25ms
мар. 07, 2025 12:56:41 PM liquibase.util
INFO: UPDATE SUMMARY
мар. 07, 2025 12:56:41 PM liquibase.util
INFO: Run:                         11
мар. 07, 2025 12:56:41 PM liquibase.util
INFO: Previously run:               0
мар. 07, 2025 12:56:41 PM liquibase.util
INFO: Filtered out:                 0
мар. 07, 2025 12:56:41 PM liquibase.util
INFO: -------------------------------
мар. 07, 2025 12:56:41 PM liquibase.util
INFO: Total change sets:           11
мар. 07, 2025 12:56:41 PM liquibase.util
INFO: Update summary generated
мар. 07, 2025 12:56:41 PM liquibase.command
INFO: Update command completed successfully.
мар. 07, 2025 12:56:41 PM liquibase.lockservice
INFO: Successfully released change log lock
мар. 07, 2025 12:56:41 PM liquibase.command
INFO: Command execution complete
мар. 07, 2025 12:56:41 PM liquibase.database
INFO: Set default schema name to public
мар. 07, 2025 12:56:42 PM liquibase.changelog
INFO: Reading from public.databasechangelog
мар. 07, 2025 12:56:42 PM liquibase.changelog
INFO: Reading from public.databasechangelog
мар. 07, 2025 12:56:42 PM liquibase.util
INFO: UPDATE SUMMARY
мар. 07, 2025 12:56:42 PM liquibase.util
INFO: Run:                          0
мар. 07, 2025 12:56:42 PM liquibase.util
INFO: Previously run:              11
мар. 07, 2025 12:56:42 PM liquibase.util
INFO: Filtered out:                 0
мар. 07, 2025 12:56:42 PM liquibase.util
INFO: -------------------------------
мар. 07, 2025 12:56:42 PM liquibase.util
INFO: Total change sets:           11
мар. 07, 2025 12:56:42 PM liquibase.util
INFO: Update summary generated
мар. 07, 2025 12:56:42 PM liquibase.lockservice
INFO: Successfully released change log lock
мар. 07, 2025 12:56:42 PM liquibase.command
INFO: Command execution complete
WARNING: A Java agent has been loaded dynamically (C:\Users\user\.m2\repository\net\bytebuddy\byte-buddy-agent\1.14.19\byte-buddy-agent-1.14.19.jar)
WARNING: If a serviceability tool is in use, please run with -XX:+EnableDynamicAgentLoading to hide this warning
WARNING: If a serviceability tool is not in use, please run with -Djdk.instrument.traceUsage for more information
WARNING: Dynamic loading of agents will be disallowed by default in a future release
]]></system-err>
  </testcase>
  <testcase name="whenDidWrongStepThenLoss" classname="com.javarush.stepanov.cmd.GameQuestIT" time="0.008">
    <system-out><![CDATA[12:56:44.667 [main] INFO com.javarush.stepanov.config.NanoSpring -- &amp#27;[95mcom.javarush.stepanov.config.Config was finded by Nanospring&amp#27;[0m
12:56:44.668 [main] INFO com.javarush.stepanov.config.NanoSpring -- &amp#27;[95mcom.javarush.stepanov.config.SessionCreator was finded by Nanospring&amp#27;[0m
12:56:44.668 [main] INFO com.javarush.stepanov.config.SessionCreator -- &amp#27;[38;5;94m	begin level: 1 from com.javarush.stepanov.config.Config$ByteBuddy$YVVBjYLY.fillEmptyRepository(Unknown Source)&amp#27;[0m
12:56:44.668 [main] INFO com.javarush.stepanov.config.LiqubaseInit -- &amp#27;[35mRunning Liquibase...&amp#27;[0m
Database is up to date, no changesets to execute

UPDATE SUMMARY
Run:                          0
Previously run:              11
Filtered out:                 0
-------------------------------
Total change sets:           11

12:56:45.159 [main] INFO com.javarush.stepanov.config.LiqubaseInit -- &amp#27;[35mRunning Liquibase...DONE&amp#27;[0m
12:56:45.159 [main] INFO com.javarush.stepanov.config.SessionCreator -- &amp#27;[38;5;94m	 end level: 1 from com.javarush.stepanov.config.Config$ByteBuddy$YVVBjYLY.fillEmptyRepository(Unknown Source)&amp#27;[0m
12:56:45.165 [main] INFO com.javarush.stepanov.config.NanoSpring -- &amp#27;[95mcom.javarush.stepanov.cmd.GameQuest was finded by Nanospring&amp#27;[0m
12:56:45.166 [main] INFO com.javarush.stepanov.config.NanoSpring -- &amp#27;[95mcom.javarush.stepanov.config.SessionCreator was finded by Nanospring&amp#27;[0m
12:56:45.168 [main] INFO com.javarush.stepanov.config.SessionCreator -- &amp#27;[38;5;94m	begin level: 1 from com.javarush.stepanov.service.UserService$ByteBuddy$c5vG5L9Q.getActualUserTo(Unknown Source)&amp#27;[0m
12:56:45.168 [main] INFO com.javarush.stepanov.config.SessionCreator -- &amp#27;[38;5;94m	 end level: 1 from com.javarush.stepanov.service.UserService$ByteBuddy$c5vG5L9Q.getActualUserTo(Unknown Source)&amp#27;[0m
12:56:45.170 [main] INFO com.javarush.stepanov.config.NanoSpring -- &amp#27;[95mcom.javarush.stepanov.config.SessionCreator was finded by Nanospring&amp#27;[0m
12:56:45.171 [main] INFO com.javarush.stepanov.config.SessionCreator -- &amp#27;[38;5;94m	begin level: 1 from com.javarush.stepanov.service.UserService$ByteBuddy$c5vG5L9Q.getActualUserTo(Unknown Source)&amp#27;[0m
12:56:45.171 [main] INFO com.javarush.stepanov.config.SessionCreator -- &amp#27;[38;5;94m	 end level: 1 from com.javarush.stepanov.service.UserService$ByteBuddy$c5vG5L9Q.getActualUserTo(Unknown Source)&amp#27;[0m
]]></system-out>
    <system-err><![CDATA[мар. 07, 2025 12:56:44 PM liquibase.database
INFO: Set default schema name to public
мар. 07, 2025 12:56:45 PM liquibase.changelog
INFO: Reading from public.databasechangelog
мар. 07, 2025 12:56:45 PM liquibase.changelog
INFO: Reading from public.databasechangelog
мар. 07, 2025 12:56:45 PM liquibase.util
INFO: UPDATE SUMMARY
мар. 07, 2025 12:56:45 PM liquibase.util
INFO: Run:                          0
мар. 07, 2025 12:56:45 PM liquibase.util
INFO: Previously run:              11
мар. 07, 2025 12:56:45 PM liquibase.util
INFO: Filtered out:                 0
мар. 07, 2025 12:56:45 PM liquibase.util
INFO: -------------------------------
мар. 07, 2025 12:56:45 PM liquibase.util
INFO: Total change sets:           11
мар. 07, 2025 12:56:45 PM liquibase.util
INFO: Update summary generated
мар. 07, 2025 12:56:45 PM liquibase.lockservice
INFO: Successfully released change log lock
мар. 07, 2025 12:56:45 PM liquibase.command
INFO: Command execution complete
]]></system-err>
  </testcase>
  <testcase name="whenStartThenInitVariable" classname="com.javarush.stepanov.cmd.GameQuestIT" time="0.026">
    <system-out><![CDATA[12:56:45.172 [main] INFO com.javarush.stepanov.config.NanoSpring -- &amp#27;[95mcom.javarush.stepanov.config.Config was finded by Nanospring&amp#27;[0m
12:56:45.172 [main] INFO com.javarush.stepanov.config.NanoSpring -- &amp#27;[95mcom.javarush.stepanov.config.SessionCreator was finded by Nanospring&amp#27;[0m
12:56:45.174 [main] INFO com.javarush.stepanov.config.SessionCreator -- &amp#27;[38;5;94m	begin level: 1 from com.javarush.stepanov.config.Config$ByteBuddy$YVVBjYLY.fillEmptyRepository(Unknown Source)&amp#27;[0m
12:56:45.174 [main] INFO com.javarush.stepanov.config.LiqubaseInit -- &amp#27;[35mRunning Liquibase...&amp#27;[0m
Database is up to date, no changesets to execute

UPDATE SUMMARY
Run:                          0
Previously run:              11
Filtered out:                 0
-------------------------------
Total change sets:           11

12:56:45.450 [main] INFO com.javarush.stepanov.config.LiqubaseInit -- &amp#27;[35mRunning Liquibase...DONE&amp#27;[0m
12:56:45.451 [main] INFO com.javarush.stepanov.config.SessionCreator -- &amp#27;[38;5;94m	 end level: 1 from com.javarush.stepanov.config.Config$ByteBuddy$YVVBjYLY.fillEmptyRepository(Unknown Source)&amp#27;[0m
12:56:45.458 [main] INFO com.javarush.stepanov.config.NanoSpring -- &amp#27;[95mcom.javarush.stepanov.cmd.GameQuest was finded by Nanospring&amp#27;[0m
12:56:45.459 [main] INFO com.javarush.stepanov.config.NanoSpring -- &amp#27;[95mcom.javarush.stepanov.config.SessionCreator was finded by Nanospring&amp#27;[0m
12:56:45.466 [main] INFO com.javarush.stepanov.config.SessionCreator -- &amp#27;[38;5;94m	begin level: 1 from com.javarush.stepanov.service.UserService$ByteBuddy$c5vG5L9Q.getActualUserTo(Unknown Source)&amp#27;[0m
12:56:45.466 [main] INFO com.javarush.stepanov.config.SessionCreator -- &amp#27;[38;5;94m	 end level: 1 from com.javarush.stepanov.service.UserService$ByteBuddy$c5vG5L9Q.getActualUserTo(Unknown Source)&amp#27;[0m
]]></system-out>
    <system-err><![CDATA[мар. 07, 2025 12:56:45 PM liquibase.database
INFO: Set default schema name to public
мар. 07, 2025 12:56:45 PM liquibase.changelog
INFO: Reading from public.databasechangelog
мар. 07, 2025 12:56:45 PM liquibase.changelog
INFO: Reading from public.databasechangelog
мар. 07, 2025 12:56:45 PM liquibase.util
INFO: UPDATE SUMMARY
мар. 07, 2025 12:56:45 PM liquibase.util
INFO: Run:                          0
мар. 07, 2025 12:56:45 PM liquibase.util
INFO: Previously run:              11
мар. 07, 2025 12:56:45 PM liquibase.util
INFO: Filtered out:                 0
мар. 07, 2025 12:56:45 PM liquibase.util
INFO: -------------------------------
мар. 07, 2025 12:56:45 PM liquibase.util
INFO: Total change sets:           11
мар. 07, 2025 12:56:45 PM liquibase.util
INFO: Update summary generated
мар. 07, 2025 12:56:45 PM liquibase.lockservice
INFO: Successfully released change log lock
мар. 07, 2025 12:56:45 PM liquibase.command
INFO: Command execution complete
]]></system-err>
  </testcase>
</testsuite>